[debug] [2018-07-16T21:31:07.210Z] ----------------------------------------------------------------------
[debug] [2018-07-16T21:31:07.210Z] Command:       C:\Program Files\nodejs\node.exe C:\Users\Alida Sanchez\AppData\Roaming\npm\node_modules\firebase-tools\bin\firebase init
[debug] [2018-07-16T21:31:07.210Z] CLI Version:   3.19.3
[debug] [2018-07-16T21:31:07.210Z] Platform:      win32
[debug] [2018-07-16T21:31:07.210Z] Node Version:  v8.11.3
[debug] [2018-07-16T21:31:07.210Z] Time:          Mon Jul 16 2018 16:31:07 GMT-0500 (Hora de verano central (México))
[debug] [2018-07-16T21:31:07.210Z] ----------------------------------------------------------------------
[debug] 
[debug] [2018-07-16T21:31:07.230Z] > command requires scopes: ["email","openid","https://www.googleapis.com/auth/cloudplatformprojects.readonly","https://www.googleapis.com/auth/firebase"]
[debug] [2018-07-16T21:31:07.238Z] > authorizing via signed-in user
[info] 
     ######## #### ########  ######## ########     ###     ######  ########
     ##        ##  ##     ## ##       ##     ##  ##   ##  ##       ##
     ######    ##  ########  ######   ########  #########  ######  ######
     ##        ##  ##    ##  ##       ##     ## ##     ##       ## ##
     ##       #### ##     ## ######## ########  ##     ##  ######  ########

You're about to initialize a Firebase project in this directory:

  C:\Users\Alida Sanchez\Documents\javascript\red-social\cdmx-2018-06-bc-core-am-social-network

Before we get started, keep in mind:

  * You are initializing in an existing Firebase project directory

[info] 
=== Project Setup
[info] 
[info] First, let's associate this project directory with a Firebase project.
[info] You can create multiple project aliases by running firebase use --add, 
[info] but for now we'll just set up a default project.
[info] 
[debug] [2018-07-16T21:31:45.256Z] >>> HTTP REQUEST GET https://admin.firebase.com/v1/projects  
  
 Mon Jul 16 2018 16:31:45 GMT-0500 (Hora de verano central (México))
[debug] [2018-07-16T21:31:46.904Z] <<< HTTP RESPONSE 200
